[    0.000000] Initializing cgroup subsys cpuset
[    0.000000] Initializing cgroup subsys cpu
[    0.000000] Initializing cgroup subsys cpuacct
[    0.000000] Linux version 4.4.0-157-generic (buildd@lgw01-amd64-037) (gcc version 5.4.0 20160609 (Ubuntu 5.4.0-6ubuntu1~16.04.10) ) #185-Ubuntu SMP Tue Jul 23 09:17:01 UTC 2019 (Ubuntu 4.4.0-157.185-generic 4.4.181)
[    0.000000] Command line: BOOT_IMAGE=/boot/vmlinuz-4.4.0-157-generic root=LABEL=cloudimg-rootfs ro console=tty1 console=ttyS0
[    0.000000] KERNEL supported cpus:
[    0.000000]   Intel GenuineIntel
[    0.000000]   AMD AuthenticAMD
[    0.000000]   Centaur CentaurHauls
[    0.000000] x86/fpu: xstate_offset[2]:  576, xstate_sizes[2]:  256
[    0.000000] x86/fpu: Supporting XSAVE feature 0x01: 'x87 floating point registers'
[    0.000000] x86/fpu: Supporting XSAVE feature 0x02: 'SSE registers'
[    0.000000] x86/fpu: Supporting XSAVE feature 0x04: 'AVX registers'
[    0.000000] x86/fpu: Enabled xstate features 0x7, context size is 832 bytes, using 'standard' format.
[    0.000000] e820: BIOS-provided physical RAM map:
[    0.000000] BIOS-e820: [mem 0x0000000000000000-0x000000000009fbff] usable
[    0.000000] BIOS-e820: [mem 0x000000000009fc00-0x000000000009ffff] reserved
[    0.000000] BIOS-e820: [mem 0x00000000000f0000-0x00000000000fffff] reserved
[    0.000000] BIOS-e820: [mem 0x0000000000100000-0x000000003ffeffff] usable
[    0.000000] BIOS-e820: [mem 0x000000003fff0000-0x000000003fffffff] ACPI data
[    0.000000] BIOS-e820: [mem 0x00000000fec00000-0x00000000fec00fff] reserved
[    0.000000] BIOS-e820: [mem 0x00000000fee00000-0x00000000fee00fff] reserved
[    0.000000] BIOS-e820: [mem 0x00000000fffc0000-0x00000000ffffffff] reserved
[    0.000000] NX (Execute Disable) protection: active
[    0.000000] SMBIOS 2.5 present.
[    0.000000] Hypervisor detected: KVM
[    0.000000] e820: last_pfn = 0x3fff0 max_arch_pfn = 0x400000000
[    0.000000] MTRR: Disabled
[    0.000000] x86/PAT: MTRRs disabled, skipping PAT initialization too.
[    0.000000] CPU MTRRs all blank - virtualized system.
[    0.000000] x86/PAT: Configuration [0-7]: WB  WT  UC- UC  WB  WT  UC- UC  
[    0.000000] found SMP MP-table at [mem 0x0009fff0-0x0009ffff] mapped at [ffff88000009fff0]
[    0.000000] Scanning 1 areas for low memory corruption
[    0.000000] RAMDISK: [mem 0x362fc000-0x37175fff]
[    0.000000] ACPI: Early table checksum verification disabled
[    0.000000] ACPI: RSDP 0x00000000000E0000 000024 (v02 VBOX  )
[    0.000000] ACPI: XSDT 0x000000003FFF0030 00003C (v01 VBOX   VBOXXSDT 00000001 ASL  00000061)
[    0.000000] ACPI: FACP 0x000000003FFF00F0 0000F4 (v04 VBOX   VBOXFACP 00000001 ASL  00000061)
[    0.000000] ACPI: DSDT 0x000000003FFF0470 0022EA (v02 VBOX   VBOXBIOS 00000002 INTL 20100528)
[    0.000000] ACPI: FACS 0x000000003FFF0200 000040
[    0.000000] ACPI: FACS 0x000000003FFF0200 000040
[    0.000000] ACPI: APIC 0x000000003FFF0240 00005C (v02 VBOX   VBOXAPIC 00000001 ASL  00000061)
[    0.000000] ACPI: SSDT 0x000000003FFF02A0 0001CC (v01 VBOX   VBOXCPUT 00000002 INTL 20100528)
[    0.000000] No NUMA configuration found
[    0.000000] Faking a node at [mem 0x0000000000000000-0x000000003ffeffff]
[    0.000000] NODE_DATA(0) allocated [mem 0x3ffeb000-0x3ffeffff]
[    0.000000] kvm-clock: Using msrs 4b564d01 and 4b564d00
[    0.000000] kvm-clock: cpu 0, msr 0:3ffe3001, primary cpu clock
[    0.000000] kvm-clock: using sched offset of 3803628679 cycles
[    0.000000] clocksource: kvm-clock: mask: 0xffffffffffffffff max_cycles: 0x1cd42e4dffb, max_idle_ns: 881590591483 ns
[    0.000000] Zone ranges:
[    0.000000]   DMA      [mem 0x0000000000001000-0x0000000000ffffff]
[    0.000000]   DMA32    [mem 0x0000000001000000-0x000000003ffeffff]
[    0.000000]   Normal   empty
[    0.000000]   Device   empty
[    0.000000] Movable zone start for each node
[    0.000000] Early memory node ranges
[    0.000000]   node   0: [mem 0x0000000000001000-0x000000000009efff]
[    0.000000]   node   0: [mem 0x0000000000100000-0x000000003ffeffff]
[    0.000000] Initmem setup node 0 [mem 0x0000000000001000-0x000000003ffeffff]
[    0.000000] ACPI: PM-Timer IO Port: 0x4008
[    0.000000] IOAPIC[0]: apic_id 2, version 32, address 0xfec00000, GSI 0-23
[    0.000000] ACPI: INT_SRC_OVR (bus 0 bus_irq 0 global_irq 2 dfl dfl)
[    0.000000] ACPI: INT_SRC_OVR (bus 0 bus_irq 9 global_irq 9 low level)
[    0.000000] Using ACPI (MADT) for SMP configuration information
[    0.000000] smpboot: Allowing 2 CPUs, 0 hotplug CPUs
[    0.000000] PM: Registered nosave memory: [mem 0x00000000-0x00000fff]
[    0.000000] PM: Registered nosave memory: [mem 0x0009f000-0x0009ffff]
[    0.000000] PM: Registered nosave memory: [mem 0x000a0000-0x000effff]
[    0.000000] PM: Registered nosave memory: [mem 0x000f0000-0x000fffff]
[    0.000000] e820: [mem 0x40000000-0xfebfffff] available for PCI devices
[    0.000000] Booting paravirtualized kernel on KVM
[    0.000000] clocksource: refined-jiffies: mask: 0xffffffff max_cycles: 0xffffffff, max_idle_ns: 7645519600211568 ns
[    0.000000] setup_percpu: NR_CPUS:512 nr_cpumask_bits:512 nr_cpu_ids:2 nr_node_ids:1
[    0.000000] PERCPU: Embedded 34 pages/cpu @ffff88003fc00000 s99544 r8192 d31528 u1048576
[    0.000000] Built 1 zonelists in Node order, mobility grouping on.  Total pages: 257912
[    0.000000] Policy zone: DMA32
[    0.000000] Kernel command line: BOOT_IMAGE=/boot/vmlinuz-4.4.0-157-generic root=LABEL=cloudimg-rootfs ro console=tty1 console=ttyS0
[    0.000000] PID hash table entries: 4096 (order: 3, 32768 bytes)
[    0.000000] Memory: 997736K/1048120K available (8618K kernel code, 1335K rwdata, 4032K rodata, 1484K init, 1284K bss, 50384K reserved, 0K cma-reserved)
[    0.000000] SLUB: HWalign=64, Order=0-3, MinObjects=0, CPUs=2, Nodes=1
[    0.000000] Kernel/User page tables isolation: enabled
[    0.000000] Hierarchical RCU implementation.
[    0.000000] 	Build-time adjustment of leaf fanout to 64.
[    0.000000] 	RCU restricting CPUs from NR_CPUS=512 to nr_cpu_ids=2.
[    0.000000] RCU: Adjusting geometry for rcu_fanout_leaf=64, nr_cpu_ids=2
[    0.000000] NR_IRQS:33024 nr_irqs:440 16
[    0.000000] Console: colour VGA+ 80x25
[    0.000000] console [tty1] enabled
[    0.000000] console [ttyS0] enabled
[    0.000000] tsc: Detected 2194.918 MHz processor
[    0.182516] Calibrating delay loop (skipped) preset value.. 4389.83 BogoMIPS (lpj=8779672)
[    0.184938] pid_max: default: 32768 minimum: 301
[    0.186194] ACPI: Core revision 20150930
[    0.188079] ACPI: 2 ACPI AML tables successfully acquired and loaded
[    0.189853] Security Framework initialized
[    0.190950] Yama: becoming mindful.
[    0.192024] AppArmor: AppArmor initialized
[    0.193278] Dentry cache hash table entries: 131072 (order: 8, 1048576 bytes)
[    0.196892] Inode-cache hash table entries: 65536 (order: 7, 524288 bytes)
[    0.198871] Mount-cache hash table entries: 2048 (order: 2, 16384 bytes)
[    0.200698] Mountpoint-cache hash table entries: 2048 (order: 2, 16384 bytes)
[    0.202653] Initializing cgroup subsys io
[    0.204135] Initializing cgroup subsys memory
[    0.205295] Initializing cgroup subsys devices
[    0.206566] Initializing cgroup subsys freezer
[    0.207729] Initializing cgroup subsys net_cls
[    0.208919] Initializing cgroup subsys perf_event
[    0.210263] Initializing cgroup subsys net_prio
[    0.211425] Initializing cgroup subsys hugetlb
[    0.212613] Initializing cgroup subsys pids
[    0.214767] mce: CPU supports 0 MCE banks
[    0.215843] Last level iTLB entries: 4KB 1024, 2MB 1024, 4MB 1024
[    0.217365] Last level dTLB entries: 4KB 1024, 2MB 1024, 4MB 1024, 1GB 4
[    0.219060] Spectre V2 : Mitigation: Full generic retpoline
[    0.220478] Spectre V2 : Spectre v2 / SpectreRSB mitigation: Filling RSB on context switch
[    0.222777] Speculative Store Bypass: Vulnerable
[    0.224261] MDS: Mitigation: Clear CPU buffers
[    0.228342] Freeing SMP alternatives memory: 36K
[    0.235428] ftrace: allocating 32312 entries in 127 pages
[    0.293310] smpboot: APIC(0) Converting physical 0 to logical package 0
[    0.295177] smpboot: Max logical packages: 1
[    0.296611] x2apic enabled
[    0.297761] Switched APIC routing to physical x2apic.
[    0.300429] ..TIMER: vector=0x30 apic1=0 pin1=2 apic2=-1 pin2=-1
[    0.410074] smpboot: CPU0: Intel(R) Core(TM) i7-4770HQ CPU @ 2.20GHz (family: 0x6, model: 0x46, stepping: 0x1)
[    0.413106] Performance Events: unsupported p6 CPU model 70 no PMU driver, software events only.
[    0.426213] KVM setup paravirtual spinlock
[    0.428404] x86: Booting SMP configuration:
[    0.429604] .... node  #0, CPUs:      #1
[    0.431047] kvm-clock: cpu 1, msr 0:3ffe3041, secondary cpu clock
[    0.433449] mce: CPU supports 0 MCE banks
[    0.436433] x86: Booted up 1 node, 2 CPUs
[    0.437973] smpboot: Total of 2 processors activated (8779.67 BogoMIPS)
[    0.440279] devtmpfs: initialized
[    0.442681] evm: security.selinux
[    0.445271] evm: security.SMACK64
[    0.446279] evm: security.SMACK64EXEC
[    0.447380] evm: security.SMACK64TRANSMUTE
[    0.448610] evm: security.SMACK64MMAP
[    0.449836] evm: security.ima
[    0.450857] evm: security.capability
[    0.452150] clocksource: jiffies: mask: 0xffffffff max_cycles: 0xffffffff, max_idle_ns: 7645041785100000 ns
[    0.454903] futex hash table entries: 512 (order: 3, 32768 bytes)
[    0.456648] pinctrl core: initialized pinctrl subsystem
[    0.458195] RTC time:  9:28:17, date: 08/01/19
[    0.459706] NET: Registered protocol family 16
[    0.470471] cpuidle: using governor ladder
[    0.483909] cpuidle: using governor menu
[    0.485581] PCCT header not found.
[    0.486996] ACPI: bus type PCI registered
[    0.488401] acpiphp: ACPI Hot Plug PCI Controller Driver version: 0.5
[    0.490605] PCI: Using configuration type 1 for base access
[    0.503415] ACPI: Added _OSI(Module Device)
[    0.505086] ACPI: Added _OSI(Processor Device)
[    0.506699] ACPI: Added _OSI(3.0 _SCP Extensions)
[    0.508313] ACPI: Added _OSI(Processor Aggregator Device)
[    0.511022] ACPI: Executed 1 blocks of module-level executable AML code
[    0.515228] ACPI: Interpreter enabled
[    0.516255] ACPI: (supports S0 S5)
[    0.517353] ACPI: Using IOAPIC for interrupt routing
[    0.519091] PCI: Using host bridge windows from ACPI; if necessary, use "pci=nocrs" and report a bug
[    0.526697] ACPI: PCI Root Bridge [PCI0] (domain 0000 [bus 00-ff])
[    0.528318] acpi PNP0A03:00: _OSC: OS supports [ASPM ClockPM Segments MSI]
[    0.530463] acpi PNP0A03:00: _OSC: not requesting OS control; OS requires [ExtendedConfig ASPM ClockPM MSI]
[    0.533468] acpi PNP0A03:00: fail to add MMCONFIG information, can't access extended PCI configuration space under this bridge.
[    0.536848] PCI host bridge to bus 0000:00
[    0.538032] pci_bus 0000:00: root bus resource [io  0x0000-0x0cf7 window]
[    0.539873] pci_bus 0000:00: root bus resource [io  0x0d00-0xffff window]
[    0.541734] pci_bus 0000:00: root bus resource [mem 0x000a0000-0x000bffff window]
[    0.544171] pci_bus 0000:00: root bus resource [mem 0x40000000-0xfdffffff window]
[    0.546448] pci_bus 0000:00: root bus resource [bus 00-ff]
[    0.551041] pci 0000:00:01.1: legacy IDE quirk: reg 0x10: [io  0x01f0-0x01f7]
[    0.552838] pci 0000:00:01.1: legacy IDE quirk: reg 0x14: [io  0x03f6]
[    0.554697] pci 0000:00:01.1: legacy IDE quirk: reg 0x18: [io  0x0170-0x0177]
[    0.556754] pci 0000:00:01.1: legacy IDE quirk: reg 0x1c: [io  0x0376]
[    0.574901] pci 0000:00:07.0: quirk: [io  0x4000-0x403f] claimed by PIIX4 ACPI
[    0.586332] pci 0000:00:07.0: quirk: [io  0x4100-0x410f] claimed by PIIX4 SMB
[    0.595499] ACPI: PCI Interrupt Link [LNKA] (IRQs 5 9 10 *11)
[    0.597805] ACPI: PCI Interrupt Link [LNKB] (IRQs 5 9 *10 11)
[    0.599993] ACPI: PCI Interrupt Link [LNKC] (IRQs 5 *9 10 11)
[    0.602353] ACPI: PCI Interrupt Link [LNKD] (IRQs 5 9 10 *11)
[    0.604350] ACPI: Enabled 2 GPEs in block 00 to 07
[    0.606058] vgaarb: setting as boot device: PCI:0000:00:02.0
[    0.607680] vgaarb: device added: PCI:0000:00:02.0,decodes=io+mem,owns=io+mem,locks=none
[    0.610130] vgaarb: loaded
[    0.610948] vgaarb: bridge control possible 0000:00:02.0
[    0.612560] SCSI subsystem initialized
[    0.613781] ACPI: bus type USB registered
[    0.615066] usbcore: registered new interface driver usbfs
[    0.616822] usbcore: registered new interface driver hub
[    0.618439] usbcore: registered new device driver usb
[    0.620269] PCI: Using ACPI for IRQ routing
[    0.621939] NetLabel: Initializing
[    0.622917] NetLabel:  domain hash size = 128
[    0.624065] NetLabel:  protocols = UNLABELED CIPSOv4
[    0.627066] NetLabel:  unlabeled traffic allowed by default
[    0.628759] amd_nb: Cannot enumerate AMD northbridges
[    0.630354] clocksource: Switched to clocksource kvm-clock
[    0.639786] AppArmor: AppArmor Filesystem Enabled
[    0.641328] pnp: PnP ACPI init
[    0.643779] pnp: PnP ACPI: found 3 devices
[    0.656348] clocksource: acpi_pm: mask: 0xffffff max_cycles: 0xffffff, max_idle_ns: 2085701024 ns
[    0.658943] NET: Registered protocol family 2
[    0.660664] TCP established hash table entries: 8192 (order: 4, 65536 bytes)
[    0.662766] TCP bind hash table entries: 8192 (order: 5, 131072 bytes)
[    0.664616] TCP: Hash tables configured (established 8192 bind 8192)
[    0.666312] UDP hash table entries: 512 (order: 2, 16384 bytes)
[    0.667972] UDP-Lite hash table entries: 512 (order: 2, 16384 bytes)
[    0.669756] NET: Registered protocol family 1
[    0.671051] pci 0000:00:00.0: Limiting direct PCI/PCI transfers
[    0.672853] pci 0000:00:01.0: Activating ISA DMA hang workarounds
[    0.674803] Unpacking initramfs...
[    0.892503] Freeing initrd memory: 14824K
[    0.894242] clocksource: tsc: mask: 0xffffffffffffffff max_cycles: 0x1fa37202099, max_idle_ns: 440795206796 ns
[    0.897346] platform rtc_cmos: registered platform RTC device (no PNP device found)
[    0.900193] Scanning for low memory corruption every 60 seconds
[    0.902592] audit: initializing netlink subsys (disabled)
[    0.904331] audit: type=2000 audit(1564651702.361:1): initialized
[    0.906093] Initialise system trusted keyring
[    0.907795] HugeTLB registered 2 MB page size, pre-allocated 0 pages
[    0.910834] zbud: loaded
[    0.911970] VFS: Disk quotas dquot_6.6.0
[    0.913110] VFS: Dquot-cache hash table entries: 512 (order 0, 4096 bytes)
[    0.915041] squashfs: version 4.0 (2009/01/31) Phillip Lougher
[    0.916928] fuse init (API version 7.23)
[    0.918481] Key type big_key registered
[    0.919650] Allocating IMA MOK and blacklist keyrings.
[    0.922101] Key type asymmetric registered
[    0.923711] Asymmetric key parser 'x509' registered
[    0.925032] Block layer SCSI generic (bsg) driver version 0.4 loaded (major 249)
[    0.927236] io scheduler noop registered
[    0.928507] io scheduler deadline registered (default)
[    0.930018] io scheduler cfq registered
[    0.931246] pci_hotplug: PCI Hot Plug PCI Core version: 0.5
[    0.932682] pciehp: PCI Express Hot Plug Controller Driver version: 0.4
[    0.934761] ACPI: AC Adapter [AC] (on-line)
[    0.935973] input: Power Button as /devices/LNXSYSTM:00/LNXPWRBN:00/input/input0
[    0.937969] ACPI: Power Button [PWRF]
[    0.939268] input: Sleep Button as /devices/LNXSYSTM:00/LNXSLPBN:00/input/input1
[    0.941278] ACPI: Sleep Button [SLPF]
[    0.942596] GHES: HEST is not enabled!
[    0.943830] ACPI: Battery Slot [BAT0] (battery present)
[    0.945341] Serial: 8250/16550 driver, 32 ports, IRQ sharing enabled
[    0.968027] 00:02: ttyS0 at I/O 0x3f8 (irq = 4, base_baud = 115200) is a 16550A
[    0.973795] Linux agpgart interface v0.103
[    0.977069] loop: module loaded
[    0.978620] scsi host0: ata_piix
[    0.979631] scsi host1: ata_piix
[    0.980554] ata1: PATA max UDMA/33 cmd 0x1f0 ctl 0x3f6 bmdma 0xd000 irq 14
[    0.982452] ata2: PATA max UDMA/33 cmd 0x170 ctl 0x376 bmdma 0xd008 irq 15
[    0.984412] libphy: Fixed MDIO Bus: probed
[    0.985677] tun: Universal TUN/TAP device driver, 1.6
[    0.987053] tun: (C) 1999-2004 Max Krasnyansky <maxk@qualcomm.com>
[    0.988837] PPP generic driver version 2.4.2
[    0.990188] ehci_hcd: USB 2.0 'Enhanced' Host Controller (EHCI) Driver
[    0.992303] ehci-pci: EHCI PCI platform driver
[    0.993605] ehci-platform: EHCI generic platform driver
[    0.995104] ohci_hcd: USB 1.1 'Open' Host Controller (OHCI) Driver
[    0.996777] ohci-pci: OHCI PCI platform driver
[    0.998114] ohci-platform: OHCI generic platform driver
[    0.999632] uhci_hcd: USB Universal Host Controller Interface driver
[    1.001270] i8042: PNP: PS/2 Controller [PNP0303:PS2K,PNP0f03:PS2M] at 0x60,0x64 irq 1,12
[    1.004224] serio: i8042 KBD port at 0x60,0x64 irq 1
[    1.005722] serio: i8042 AUX port at 0x60,0x64 irq 12
[    1.007467] mousedev: PS/2 mouse device common for all mice
[    1.009218] input: AT Translated Set 2 keyboard as /devices/platform/i8042/serio0/input/input2
[    1.011960] rtc_cmos rtc_cmos: rtc core: registered rtc_cmos as rtc0
[    1.013810] rtc_cmos rtc_cmos: alarms up to one day, 114 bytes nvram
[    1.015519] i2c /dev entries driver
[    1.016547] device-mapper: uevent: version 1.0.3
[    1.017853] device-mapper: ioctl: 4.34.0-ioctl (2015-10-28) initialised: dm-devel@redhat.com
[    1.020122] ledtrig-cpu: registered to indicate activity on CPUs
[    1.022065] NET: Registered protocol family 10
[    1.023499] NET: Registered protocol family 17
[    1.024829] Key type dns_resolver registered
[    1.026840] registered taskstats version 1
[    1.028015] Loading compiled-in X.509 certificates
[    1.029957] Loaded X.509 cert 'Build time autogenerated kernel key: 3e01e6df98386236d59670e6b2ed19a044d5324e'
[    1.032683] zswap: loaded using pool lzo/zbud
[    1.036298] Key type trusted registered
[    1.041640] Key type encrypted registered
[    1.043057] AppArmor: AppArmor sha1 policy hashing enabled
[    1.044600] ima: No TPM chip found, activating TPM-bypass!
[    1.046203] ima: Allocated hash algorithm: sha1
[    1.047490] evm: HMAC attrs: 0x1
[    1.048874]   Magic number: 15:963:473
[    1.049998] rtc_cmos rtc_cmos: setting system clock to 2019-08-01 09:28:17 UTC (1564651697)
[    1.052515] BIOS EDD facility v0.16 2004-Jun-25, 0 devices found
[    1.054090] EDD information not available.
[    1.141562] Freeing unused kernel memory: 1484K
[    1.143970] Write protecting the kernel read-only data: 14336k
[    1.146833] Freeing unused kernel memory: 1612K
[    1.148631] Freeing unused kernel memory: 64K
Loading, please wait...
starting version 229
[    1.165161] random: systemd-udevd: uninitialized urandom read (16 bytes read, 2 bits of entropy available)
[    1.165586] random: udevadm: uninitialized urandom read (16 bytes read, 2 bits of entropy available)
[    1.165603] random: udevadm: uninitialized urandom read (16 bytes read, 2 bits of entropy available)
[    1.173610] random: systemd-udevd: uninitialized urandom read (16 bytes read, 2 bits of entropy available)
[    1.173640] random: udevadm: uninitialized urandom read (16 bytes read, 2 bits of entropy available)
[    1.173680] random: udevadm: uninitialized urandom read (16 bytes read, 2 bits of entropy available)
[    1.173808] random: udevadm: uninitialized urandom read (16 bytes read, 2 bits of entropy available)
[    1.173854] random: udevadm: uninitialized urandom read (16 bytes read, 2 bits of entropy available)
[    1.173901] random: udevadm: uninitialized urandom read (16 bytes read, 2 bits of entropy available)
[    1.173945] random: udevadm: uninitialized urandom read (16 bytes read, 2 bits of entropy available)
[    1.219184] e1000: Intel(R) PRO/1000 Network Driver - version 7.3.21-k8-NAPI
[    1.221326] e1000: Copyright (c) 1999-2006 Intel Corporation.
[    1.223527] Fusion MPT base driver 3.04.20
[    1.227388] Copyright (c) 1999-2008 LSI Corporation
[    1.248189] Fusion MPT SPI Host driver 3.04.20
[    1.252675] AVX2 version of gcm_enc/dec engaged.
[    1.254144] AES CTR mode by8 optimization enabled
[    1.440119] input: ImExPS/2 Generic Explorer Mouse as /devices/platform/i8042/serio1/input/input4
[    1.644681] e1000 0000:00:03.0 eth0: (PCI:33MHz:32-bit) 02:f8:81:3a:50:13
[    1.646749] e1000 0000:00:03.0 eth0: Intel(R) PRO/1000 Network Connection
[    1.649519] mptbase: ioc0: Initiating bringup
[    1.651682] e1000 0000:00:03.0 enp0s3: renamed from eth0
[    1.714804] ioc0: LSI53C1030 A0: Capabilities={Initiator}
[    1.880487] scsi host2: ioc0: LSI53C1030 A0, FwRev=00000000h, Ports=1, MaxQ=256, IRQ=20
[    2.000151] scsi 2:0:0:0: Direct-Access     VBOX     HARDDISK         1.0  PQ: 0 ANSI: 5
[    2.004285] scsi target2:0:0: Beginning Domain Validation
[    2.009052] scsi target2:0:0: Domain Validation skipping write tests
[    2.011011] scsi target2:0:0: Ending Domain Validation
[    2.012659] scsi target2:0:0: asynchronous
[    2.014425] scsi 2:0:1:0: Direct-Access     VBOX     HARDDISK         1.0  PQ: 0 ANSI: 5
[    2.016762] scsi target2:0:1: Beginning Domain Validation
[    2.019015] scsi target2:0:1: Domain Validation skipping write tests
[    2.020637] scsi target2:0:1: Ending Domain Validation
[    2.022140] scsi target2:0:1: asynchronous
[    2.030017] sd 2:0:0:0: [sda] 20971520 512-byte logical blocks: (10.7 GB/10.0 GiB)
[    2.030125] sd 2:0:0:0: Attached scsi generic sg0 type 0
[    2.030281] sd 2:0:1:0: Attached scsi generic sg1 type 0
[    2.030753] sd 2:0:1:0: [sdb] 20480 512-byte logical blocks: (10.5 MB/10.0 MiB)
[    2.031001] sd 2:0:1:0: [sdb] Write Protect is off
[    2.031107] sd 2:0:1:0: [sdb] Incomplete mode parameter data
[    2.031108] sd 2:0:1:0: [sdb] Assuming drive cache: write through
[    2.033439] sd 2:0:1:0: [sdb] Attached SCSI disk
[    2.054269] sd 2:0:0:0: [sda] Write Protect is off
[    2.056083] sd 2:0:0:0: [sda] Incomplete mode parameter data
[    2.057550] sd 2:0:0:0: [sda] Assuming drive cache: write through
[    2.061786]  sda: sda1
[    2.063649] sd 2:0:0:0: [sda] Attached SCSI disk
Begin: Loading essential drivers ... [    3.378080] md: linear personality registered for level -1
[    3.382390] md: multipath personality registered for level -4
[    3.387380] md: raid0 personality registered for level 0
[    3.393547] md: raid1 personality registered for level 1
[    3.467898] raid6: sse2x1   gen() 10024 MB/s
[    3.534443] raid6: sse2x1   xor()  7714 MB/s
[    3.602442] raid6: sse2x2   gen() 12402 MB/s
[    3.670928] raid6: sse2x2   xor()  8477 MB/s
[    3.738593] raid6: sse2x4   gen() 14545 MB/s
[    3.806925] raid6: sse2x4   xor()  9911 MB/s
[    3.874702] raid6: avx2x1   gen() 18357 MB/s
[    3.942703] raid6: avx2x2   gen() 21902 MB/s
[    4.010447] raid6: avx2x4   gen() 24242 MB/s
[    4.012264] raid6: using algorithm avx2x4 gen() 24242 MB/s
[    4.014187] raid6: using avx2x2 recovery algorithm
[    4.017354] xor: automatically using best checksumming function:
[    4.058464]    avx       : 23938.000 MB/sec
[    4.061091] async_tx: api initialized (async)
[    4.074935] md: raid6 personality registered for level 6
[    4.076474] md: raid5 personality registered for level 5
[    4.077869] md: raid4 personality registered for level 4
[    4.086606] md: raid10 personality registered for level 10
done.
Begin: Running /scripts/init-premount ... done.
Begin: Mounting root file system ... Begin: Running /scripts/local-top ... done.
Begin: Running /scripts/local-premount ... [    4.118284] Btrfs loaded
Scanning for Btrfs filesystems
done.
Warning: fsck not present, so skipping root file system
[    4.149903] EXT4-fs (sda1): mounted filesystem with ordered data mode. Opts: (null)
done.
Begin: Running /scripts/local-bottom ... done.
Begin: Running /scripts/init-bottom ... done.
[    4.238434] systemd[1]: systemd 229 running in system mode. (+PAM +AUDIT +SELINUX +IMA +APPARMOR +SMACK +SYSVINIT +UTMP +LIBCRYPTSETUP +GCRYPT +GNUTLS +ACL +XZ -LZ4 +SECCOMP +BLKID +ELFUTILS +KMOD -IDN)
[    4.243213] systemd[1]: Detected virtualization oracle.
[    4.244658] systemd[1]: Detected architecture x86-64.

Welcome to [1mUbuntu 16.04.6 LTS[0m!

[    4.250324] systemd[1]: Set hostname to <ubuntu-xenial>.
[    4.580941] systemd[1]: Listening on udev Kernel Socket.
[[0;32m  OK  [0m] Listening on udev Kernel Socket.
[    4.894941] systemd[1]: Listening on Device-mapper event daemon FIFOs.
[[0;32m  OK  [0m] Listening on Device-mapper event daemon FIFOs.
[    4.899976] systemd[1]: Created slice System Slice.
[[0;32m  OK  [0m] Created slice System Slice.
[    4.902741] systemd[1]: Listening on Syslog Socket.
[[0;32m  OK  [0m] Listening on Syslog Socket.
[    4.905586] systemd[1]: Listening on LVM2 metadata daemon socket.
[[0;32m  OK  [0m] Listening on LVM2 metadata daemon socket.
[    4.908790] systemd[1]: Listening on /dev/initctl Compatibility Named Pipe.
[[0;32m  OK  [0m] Listening on /dev/initctl Compatibility Named Pipe.
[    4.912394] systemd[1]: Set up automount Arbitrary Executable File Formats File System Automount Point.
[[0;32m  OK  [0m] Set up automount Arbitrary Executab...ats File System Automount Point.
[    5.188106] systemd[1]: Listening on Journal Audit Socket.
[[0;32m  OK  [0m] Listening on Journal Audit Socket.
[    5.192269] systemd[1]: Started Forward Password Requests to Wall Directory Watch.
[[0;32m  OK  [0m] Started Forward Password Requests to Wall Directory Watch.
[    5.196920] systemd[1]: Reached target Encrypted Volumes.
[[0;32m  OK  [0m] Reached target Encrypted Volumes.
[    5.199980] systemd[1]: Started Trigger resolvconf update for networkd DNS.
[[0;32m  OK  [0m] Started Trigger resolvconf update for networkd DNS.
[    5.203425] systemd[1]: Listening on LVM2 poll daemon socket.
[[0;32m  OK  [0m] Listening on LVM2 poll daemon socket.
[    5.206585] systemd[1]: Listening on Journal Socket (/dev/log).
[[0;32m  OK  [0m] Listening on Journal Socket (/dev/log).
[    5.209729] systemd[1]: Reached target User and Group Name Lookups.
[[0;32m  OK  [0m] Reached target User and Group Name Lookups.
[    5.213317] systemd[1]: Listening on udev Control Socket.
[[0;32m  OK  [0m] Listening on udev Control Socket.
[    5.216432] systemd[1]: Created slice system-serial\x2dgetty.slice.
[[0;32m  OK  [0m] Created slice system-serial\x2dgetty.slice.
[    5.219639] systemd[1]: Listening on Journal Socket.
[[0;32m  OK  [0m] Listening on Journal Socket.
[    5.234959] systemd[1]: Starting Set console keymap...
         Starting Set console keymap...
[    5.239921] systemd[1]: Starting Nameserver information manager...
         Starting Nameserver information manager...
[    5.244433] systemd[1]: Mounting Huge Pages File System...
         Mounting Huge Pages File System...
[    5.249660] systemd[1]: Starting Load Kernel Modules...
         Starting Load Kernel Modules...
[    5.254137] systemd[1]: Mounting Debug File System...
         Mounting Debug File System...
[    5.264393] systemd[1]: Starting Create list of required static device nodes for the current kernel...
[    5.267293] Loading iSCSI transport class v2.0-870.
         Starting Create list of required st... nodes for the current kernel...
[    5.271871] systemd[1]: Starting Monitoring of LVM2 mirrors, snapshots etc. using dmeventd or progress polling...
         Starting Monitoring of LVM2 mirrors... dmeventd or progress polling...
[    5.277442] iscsi: registered transport (tcp)
[    5.284757] systemd[1]: Starting Remount Root and Kernel File Systems...
         Starting Remount Root and Kernel File Systems...
[    5.289719] systemd[1]: Starting Uncomplicated firewall...
         Starting Uncompl[    5.291986] EXT4-fs (sda1): re-mounted. Opts: (null)
icated firewall...
[    5.295283] systemd[1]: Mounting POSIX Message Queue File System...
         Mounting POSIX Message Queue File System...
[    5.301248] systemd[1]: Starting Journal Service...
         Starting Journal Service...
[    5.305185] systemd[1]: Reached target Swap.
[[0;32m  OK  [0m] Reached target Swap.
[    5.308568] systemd[1]: Reached target System Time Synchronized.
[[0;32m  OK  [0m] Reached target System Time Synchronized.
[    5.314740] systemd[1]: Created slice User and Session Slice.
[[0;32m  OK  [0m] Created slice User and Session Slice.
[    5.318472] systemd[1]: Reached target Slices.
[[0;32m  OK  [0m] Reached target Slices.
[    5.322160] systemd[1]: Mounted Huge Pages File System.
[[0;32m  OK  [0m] Mounted Huge Pages File System.
[    5.325787] systemd[1]: Mounted Debug File System.
[[0;32m  OK  [0m] Mounted Debug File System.
[    5.328860] systemd[1]: Mounted POSIX Message Queue File System.
[[0;32m  OK  [0m] Mounted POSIX Message Queue File System.
[    5.335569] systemd[1]: Started Set console keymap.
[[0;32m  OK  [0m] Started Set console keymap.
[    5.341610] systemd[1]: Started Create list of required static device nodes for the current kernel.
[[0;32m  OK  [0m] Started Create list of required sta...ce nodes for the curren[    5.347955] iscsi: registered transport (iser)
t kernel.
[    5.349826] systemd[1]: Started Remount Root and Kernel File Systems.
[[0;32m  OK  [0m] Started Remount Root and Kernel File Systems.
[    5.363585] systemd[1]: Started Load Kernel Modules.
[[0;32m  OK  [0m] Started Load Kernel Modules.
[    5.367396] systemd[1]: Started Uncomplicated firewall.
[[0;32m  OK  [0m] Started Uncomplicated firewall.
[    5.391291] systemd[1]: Started Nameserver information manager.
[[0;32m  OK  [0m] Started Nameserver information manager.
[    5.398199] systemd[1]: Started Journal Service.
[[0;32m  OK  [0m] Started Journal Service.
[[0;32m  OK  [0m] Started LVM2 metadata daemon.
         Starting Apply Kernel Variables...
         Mounting FUSE Control File System...
         Starting Load/Save Random Seed...
         Starting Flush Journal to Persistent Storage...
         Starting udev Coldplug all Devices...
         Starting Create Static Device Nodes in /dev...
[[0;32m  OK  [0m] Mounted FUSE Control File System.
[[0;32m  OK  [0m] Started Apply Kernel Variables.
[[0;32m  OK  [0m] Started Load/Save Random Seed.
[[0;32m  OK  [0m] Started Create Static Device Nodes in /dev.
[[0;32m  OK  [0m] Started Flush Journal to Persistent Storage.
[[0;32m  OK  [0m] Started udev Coldplug all Devices.
         Starting udev Kernel Device Manager...
[[0;32m  OK  [0m] Started udev Kernel Device Manager.
[[0;32m  OK  [0m] Started Dispatch Password Requests to Console Directory Watch.
[[0;32m  OK  [0m] Found device /dev/ttyS0.
[[0;32m  OK  [0m] Listening on Load/Save RF Kill Switch Status /dev/rfkill Watch.
[[0;32m  OK  [0m] Found device 82540EM Gigabit Ethern...r (PRO/1000 MT Desktop Adapter).
[[0;32m  OK  [0m] Started Monitoring of LVM2 mirrors,...ng dmeventd or progress polling.
[[0;32m  OK  [0m] Reached target Local File Systems (Pre).
[[0;32m  OK  [0m] Reached target Local File Systems.
         Starting Create Volatile Files and Directories...
         Starting Set console font and keymap...
         Starting LSB: AppArmor initialization...
         Starting Initial cloud-init job (pre-networking)...
         Starting Tell Plymouth To Write Out Runtime Data...
[[0;32m  OK  [0m] Started Create Volatile Files and Directories.
[[0;32m  OK  [0m] Started Tell Plymouth To Write Out Runtime Data.
         Starting Update UTMP about System Boot/Shutdown...
[[0;32m  OK  [0m] Started Update UTMP about System Boot/Shutdown.
[[0;32m  OK  [0m] Started LSB: AppArmor initialization.
[[0;32m  OK  [0m] Started Set console font and keymap.
[[0;32m  OK  [0m] Created slice system-getty.slice.
[    6.839468] cloud-init[634]: Cloud-init v. 19.1-1-gbaa47854-0ubuntu1~16.04.1 running 'init-local' at Thu, 01 Aug 2019 09:28:23 +0000. Up 6.60 seconds.
[[0;32m  OK  [0m] Started Initial cloud-init job (pre-networking).
[[0;32m  OK  [0m] Reached target Network (Pre).
[[0;32m  OK  [0m] Started ifup for enp0s3.
         Starting Raise network interfaces...
[[0;32m  OK  [0m] Started Raise network interfaces.
[[0;32m  OK  [0m] Reached target Network.
         Starting Initial cloud-init job (metadata service crawler)...
[    7.533053] cloud-init[971]: Cloud-init v. 19.1-1-gbaa47854-0ubuntu1~16.04.1 running 'init' at Thu, 01 Aug 2019 09:28:24 +0000. Up 7.30 seconds.
[    7.544419] cloud-init[971]: ci-info: ++++++++++++++++++++++++++++++++++++++Net device info++++++++++++++++++++++++++++++++++++++
[    7.546464] cloud-init[971]: ci-info: +--------+------+----------------------------+---------------+--------+-------------------+
[    7.549034] cloud-init[971]: ci-info: | Device |  Up  |          Address           |      Mask     | Scope  |     Hw-Address    |
[    7.554313] cloud-init[971]: ci-info: +--------+------+----------------------------+---------------+--------+-------------------+
[    7.556972] cloud-init[971]: ci-info: | enp0s3 | True |         10.0.2.15          | 255.255.255.0 | global | 02:f8:81:3a:50:13 |
[    7.559475] cloud-init[971]: ci-info: | enp0s3 | True | fe80::f8:81ff:fe3a:5013/64 |       .       |  link  | 02:f8:81:3a:50:13 |
[    7.562184] cloud-init[971]: ci-info: |   lo   | True |         127.0.0.1          |   255.0.0.0   |  host  |         .         |
[    7.568746] cloud-init[971]: ci-info: |   lo   | True |          ::1/128           |       .       |  host  |         .         |
[    7.571376] cloud-init[971]: ci-info: +--------+------+----------------------------+---------------+--------+-------------------+
[    7.576658] cloud-init[971]: ci-info: +++++++++++++++++++++++++++Route IPv4 info++++++++++++++++++++++++++++
[    7.589017] cloud-init[971]: ci-info: +-------+-------------+----------+---------------+-----------+-------+
[    7.590883] cloud-init[971]: ci-info: | Route | Destination | Gateway  |    Genmask    | Interface | Flags |
[    7.593399] cloud-init[971]: ci-info: +-------+-------------+----------+---------------+-----------+-------+
[    7.595667] cloud-init[971]: ci-info: |   0   |   0.0.0.0   | 10.0.2.2 |    0.0.0.0    |   enp0s3  |   UG  |
[    7.604567] cloud-init[971]: ci-info: |   1   |   10.0.2.0  | 0.0.0.0  | 255.255.255.0 |   enp0s3  |   U   |
[    7.606410] cloud-init[971]: ci-info: +-------+-------------+----------+---------------+-----------+-------+
[    7.606770] cloud-init[971]: ci-info: +++++++++++++++++++Route IPv6 info+++++++++++++++++++
[    7.606937] cloud-init[971]: ci-info: +-------+-------------+---------+-----------+-------+
[[0;32m  OK  [0m] Started Initial cloud-init job (metadata service crawler).
[[    7.607371] cloud-init[971]: ci-info: | Route | Destination | Gateway | Interface | Flags |
[    7.612734] cloud-init[971]: ci-info: +-------+-------------+---------+-----------+-------+
[0;32m  OK  [0m] Reached target Cloud-config availability.
[    7.613698] cloud-init[971]: ci-info: |   0   |  fe80::/64  |    ::   |   enp0s3  |   U   |
[    7.617753] cloud-init[971]: ci-info: |   3   |   ff00::/8  |    ::   |   enp0s3  |   U   |
[    7.618023] cloud-init[971]: ci-info: +-------+-------------+---------+-----------+-------+
[[0;32m  OK  [0m] Reached target System Initialization.
         Starting LXD - unix socket.
         Starting Socket activation for snappy daemon.
[[0;32m  OK  [0m] Listening on D-Bus System Message Bus Socket.
[[0;32m  OK  [0m] Started ACPI Events Check.
[[0;32m  OK  [0m] Reached target Paths.
[[0;32m  OK  [0m] Started Daily apt download activities.
[[0;32m  OK  [0m] Started Daily apt upgrade and clean activities.
[[0;32m  OK  [0m] Listening on ACPID Listen Socket.
[[0;32m  OK  [0m] Started Daily Cleanup of Temporary Directories.
[[0;32m  OK  [0m] Reached target Timers.
[[0;32m  OK  [0m] Listening on UUID daemon activation socket.
[[0;32m  OK  [0m] Reached target Network is Online.
         Starting iSCSI initiator daemon (iscsid)...
[[0;32m  OK  [0m] Listening on LXD - unix socket.
[[0;32m  OK  [0m] Listening on Socket activation for snappy daemon.
[[0;32m  OK  [0m] Started iSCSI initiator daemon (iscsid).
         Starting Login to default iSCSI targets...
[[0;32m  OK  [0m] Reached target Sockets.
[[0;32m  OK  [0m] Reached target Basic System.
         Starting Login Service...
[[0;32m  OK  [0m] Started D-Bus System Message Bus.
         Starting LSB: MD monitoring daemon...
[[0;32m  OK  [0m] Started FUSE filesystem for LXC.
         Starting Virtualbox guest utils...
         Starting /etc/rc.local Compatibility...
[[0;32m  OK  [0m] Started ACPI event daemon.
[[0;32m  OK  [0m] Started Deferred execution scheduler.
         Starting System Logging Service...
         Starting LXD - container startup/shutdown...
         Starting Accounts Service...
         Starting Snappy daemon...
         Starting LSB: Record successful boot for GRUB...
         Starting OpenBSD Secure Shell server...
[[0;32m  OK  [0m] Started Regular background program processing daemon.
[[0;32m  OK  [0m] Started /etc/rc.local Compatibility.
[[0;32m  OK  [0m] Started System Logging Service.
[[0;32m  OK  [0m] Started LSB: MD monitoring daemon.
[[0;32m  OK  [0m] Started Login Service.
[[0;32m  OK  [0m] Started OpenBSD Secure Shell server.
[[0;32m  OK  [0m] Started Login to default iSCSI targets.
[[0;32m  OK  [0m] Reached target Remote File Systems (Pre).
[[0;32m  OK  [0m] Reached target Remote File Systems.
         Starting LSB: daemon to balance interrupts for SMP systems...
         Starting LSB: Set the CPU Frequency Scaling governor to "ondemand"...
         Starting LSB: automatic crash report generation...
         Starting Permit User Sessions...
[[0;32m  OK  [0m] Started Unattended Upgrades Shutdown.
[[0;32m  OK  [0m] Started LSB: Record successful boot for GRUB.
[[0;32m  OK  [0m] Started Permit User Sessions.
         Starting Hold until boot process finishes up...
         Starting Terminate Plymouth Boot Screen...
         Starting Authenticate and Authorize Users to Run Privileged Tasks...
[[0;32m  OK  [0m] Started LSB: Set the CPU Frequency Scaling governor to "ondemand".
[[0;32m  OK  [0m] Started Hold until boot process finishes up.
[[0;32m  OK  [0m] Started Terminate Plymouth Boot Screen.
[[0;32m  OK  [0m] Started LSB: daemon to balance interrupts for SMP systems.
[[0;32m  OK  [0m] Started LSB: automatic crash report generation.
[[0;32m  OK  [0m] Started LXD - container startup/shutdown.
         Starting Set console scheme...
[[0;32m  OK  [0m] Started Serial Getty on ttyS0.
[[0;32m  OK  [0m] Started Getty on tty1.
[[0;32m  OK  [0m] Reached target Login Prompts.
[[0;32m  OK  [0m] Started Virtualbox guest utils.
[[0;32m  OK  [0m] Started Set console scheme.
[[0;32m  OK  [0m] Started Authenticate and Authorize Users to Run Privileged Tasks.
[[0;32m  OK  [0m] Started Accounts Service.
[[0;32m  OK  [0m] Started Snappy daemon.
         Starting Wait until snapd is fully seeded...
[[0;32m  OK  [0m] Started Wait until snapd is fully seeded.
         Starting Apply the settings specified in cloud-config...
[[0;32m  OK  [0m] Reached target Multi-User System.
[[0;32m  OK  [0m] Reached target Graphical Interface.
         Starting Update UTMP about System Runlevel Changes...
[[0;32m  OK  [0m] Started Update UTMP about System Runlevel Changes.
[    8.525093] cloud-init[1230]: Cloud-init v. 19.1-1-gbaa47854-0ubuntu1~16.04.1 running 'modules:config' at Thu, 01 Aug 2019 09:28:25 +0000. Up 8.44 seconds.
[[0;32m  OK  [0m] Started Apply the settings specified in cloud-config.
         Starting Execute cloud user/final scripts...
[    8.919903] cloud-init[1244]: Cloud-init v. 19.1-1-gbaa47854-0ubuntu1~16.04.1 running 'modules:final' at Thu, 01 Aug 2019 09:28:25 +0000. Up 8.83 seconds.
[    8.929103] cloud-init[1244]: Cloud-init v. 19.1-1-gbaa47854-0ubuntu1~16.04.1 finished at Thu, 01 Aug 2019 09:28:25 +0000. Datasource DataSourceNoCloud [seed=/dev/sdb][dsmode=net].  Up 8.91 seconds
[[0;32m  OK  [0m] Started Execute cloud user/final scripts.
[[0;32m  OK  [0m] Reached target Cloud-init target.

Ubuntu 16.04.6 LTS ubuntu-xenial ttyS0

ubuntu-xenial login: 